<?xml version="1.0" encoding="UTF-8"?>
<!-- Generated by org.testng.reporters.JUnitReportReporter -->
<testsuite hostname="DESKTOP-FNTF1MH" failures="0" tests="1" name="testCases.GetLatestLunch" time="3.812" errors="0" timestamp="2021-06-04T23:05:55 IST" skipped="0">
  <testcase classname="testCases.GetLatestLunch" name="VerifyGetSpacXLatestLaunchWikipedia" time="3.812"/>
  <system-out/>
</testsuite> <!-- testCases.GetLatestLunch -->
